0 info it worked if it ends with ok
1 verbose cli [ 'D:\\Program Files\\nodejs\\node.exe',
1 verbose cli   'D:\\Program Files\\nodejs\\node_modules\\npm\\bin\\npm-cli.js',
1 verbose cli   'start' ]
2 info using npm@3.10.8
3 info using node@v6.9.1
4 verbose run-script [ 'prestart', 'start', 'poststart' ]
5 info lifecycle btz-web-manage-client@1.0.0~prestart: btz-web-manage-client@1.0.0
6 silly lifecycle btz-web-manage-client@1.0.0~prestart: no script for prestart, continuing
7 info lifecycle btz-web-manage-client@1.0.0~start: btz-web-manage-client@1.0.0
8 verbose lifecycle btz-web-manage-client@1.0.0~start: unsafe-perm in lifecycle true
9 verbose lifecycle btz-web-manage-client@1.0.0~start: PATH: D:\Program Files\nodejs\node_modules\npm\bin\node-gyp-bin;F:\code\btz-man\btz-web-manage-client\node_modules\.bin;C:\ProgramData\Oracle\Java\javapath;C:\Windows\system32;C:\Windows;C:\Windows\System32\Wbem;C:\Windows\System32\WindowsPowerShell\v1.0\;D:\Sdk\tools;D:\Sdk\platform-tools;C:\Program Files\Java\jdk1.8.0_112\bin;C:\Program Files\Microsoft SQL Server\110\Tools\Binn\;D:\Program Files\VanDyke Software\Clients\;D:\tools\java\adt-bundle-windows-x86_64-20130522\sdk\platform-tools\;C:\Program Files (x86)\Microsoft SQL Server\110\Tools\Binn\;C:\Program Files\Microsoft SQL Server\110\DTS\Binn\;C:\Program Files (x86)\Microsoft SQL Server\100\Tools\Binn\VSShell\Common7\IDE\;C:\Program Files (x86)\Microsoft SQL Server\100\Tools\Binn\;C:\Program Files\Microsoft SQL Server\100\Tools\Binn\;C:\Program Files (x86)\Microsoft SQL Server\100\DTS\Binn\;C:\Program Files (x86)\Microsoft SQL Server\110\Tools\Binn\ManagementStudio\;C:\Program Files (x86)\Microsoft SQL Server\110\DTS\Binn\;C:\Program Files\Microsoft SQL Server\130\Tools\Binn\;D:\Program Files\apache-ant-1.9.7\bin;C:\Program Files\Git\cmd;D:\Program Files\nodejs;C:\Python27;C:\Python27\Scripts;D:\Program Files\Android\Android Studio\gradle\gradle-2.10\bin;E:\SMT\z3-4.4.0-x64-win\bin;C:\Program Files\gnuplot\bin;D:\tools\apache-maven-3.3.9\bin;D:\tools\nuXmv-1.1.1-win64\nuXmv-1.1.1-win64\bin;C:\Users\User\AppData\Roaming\npm
10 verbose lifecycle btz-web-manage-client@1.0.0~start: CWD: F:\code\btz-man\btz-web-manage-client
11 silly lifecycle btz-web-manage-client@1.0.0~start: Args: [ '/d /s /c', 'electron .' ]
12 silly lifecycle btz-web-manage-client@1.0.0~start: Returned: code: 3221225786  signal: null
13 info lifecycle btz-web-manage-client@1.0.0~start: Failed to exec start script
14 verbose stack Error: btz-web-manage-client@1.0.0 start: `electron .`
14 verbose stack Exit status 3221225786
14 verbose stack     at EventEmitter.<anonymous> (D:\Program Files\nodejs\node_modules\npm\lib\utils\lifecycle.js:255:16)
14 verbose stack     at emitTwo (events.js:106:13)
14 verbose stack     at EventEmitter.emit (events.js:191:7)
14 verbose stack     at ChildProcess.<anonymous> (D:\Program Files\nodejs\node_modules\npm\lib\utils\spawn.js:40:14)
14 verbose stack     at emitTwo (events.js:106:13)
14 verbose stack     at ChildProcess.emit (events.js:191:7)
14 verbose stack     at maybeClose (internal/child_process.js:877:16)
14 verbose stack     at Process.ChildProcess._handle.onexit (internal/child_process.js:226:5)
15 verbose pkgid btz-web-manage-client@1.0.0
16 verbose cwd F:\code\btz-man\btz-web-manage-client
17 error Windows_NT 6.1.7601
18 error argv "D:\\Program Files\\nodejs\\node.exe" "D:\\Program Files\\nodejs\\node_modules\\npm\\bin\\npm-cli.js" "start"
19 error node v6.9.1
20 error npm  v3.10.8
21 error code ELIFECYCLE
22 error btz-web-manage-client@1.0.0 start: `electron .`
22 error Exit status 3221225786
23 error Failed at the btz-web-manage-client@1.0.0 start script 'electron .'.
23 error Make sure you have the latest version of node.js and npm installed.
23 error If you do, this is most likely a problem with the btz-web-manage-client package,
23 error not with npm itself.
23 error Tell the author that this fails on your system:
23 error     electron .
23 error You can get information on how to open an issue for this project with:
23 error     npm bugs btz-web-manage-client
23 error Or if that isn't available, you can get their info via:
23 error     npm owner ls btz-web-manage-client
23 error There is likely additional logging output above.
24 verbose exit [ 1, true ]
